app/build/intermediates/manifest_merge_blame_file/accuchek_smartguideDebug/processAccuchek_smartguideDebugMainManifest/manifest-merger-blame-accuchek_smartguide-debug-report.txt
1<?xml version="1.0" encoding="utf-8"?>
2<manifest xmlns:android="http://schemas.android.com/apk/res/android"
3    package="com.test.glucn"
4    android:versionCode="1"
5    android:versionName="1.0" >
6
7    <uses-sdk
8        android:minSdkVersion="24"
9        android:targetSdkVersion="34" />
10
11    <uses-permission android:name="android.permission.BLUETOOTH" />
11-->src\main\AndroidManifest.xml:5:5-68
11-->src\main\AndroidManifest.xml:5:22-65
12    <uses-permission android:name="android.permission.BLUETOOTH_ADMIN" />
12-->src\main\AndroidManifest.xml:6:5-74
12-->src\main\AndroidManifest.xml:6:22-71
13    <uses-permission android:name="android.permission.BLUETOOTH_SCAN" />
13-->src\main\AndroidManifest.xml:7:5-73
13-->src\main\AndroidManifest.xml:7:22-70
14    <uses-permission android:name="android.permission.BLUETOOTH_CONNECT" />
14-->src\main\AndroidManifest.xml:8:5-76
14-->src\main\AndroidManifest.xml:8:22-73
15    <uses-permission android:name="android.permission.ACCESS_FINE_LOCATION" />
15-->src\main\AndroidManifest.xml:9:5-79
15-->src\main\AndroidManifest.xml:9:22-76
16    <uses-permission android:name="android.permission.ACCESS_COARSE_LOCATION" />
16-->src\main\AndroidManifest.xml:10:5-81
16-->src\main\AndroidManifest.xml:10:22-78
17    <uses-permission android:name="android.permission.FOREGROUND_SERVICE" />
17-->src\main\AndroidManifest.xml:11:5-77
17-->src\main\AndroidManifest.xml:11:22-74
18    <uses-permission android:name="android.permission.FOREGROUND_SERVICE_DATA_SYNC" />
18-->src\main\AndroidManifest.xml:12:5-87
18-->src\main\AndroidManifest.xml:12:22-84
19    <uses-permission android:name="android.permission.INTERNET" />
19-->src\main\AndroidManifest.xml:13:5-66
19-->src\main\AndroidManifest.xml:13:22-64
20
21    <permission
21-->[androidx.core:core:1.16.0] AndroidManifest.xml:22:5-24:47
22        android:name="com.test.glucn.DYNAMIC_RECEIVER_NOT_EXPORTED_PERMISSION"
22-->[androidx.core:core:1.16.0] AndroidManifest.xml:23:9-81
23        android:protectionLevel="signature" />
23-->[androidx.core:core:1.16.0] AndroidManifest.xml:24:9-44
24
25    <uses-permission android:name="com.test.glucn.DYNAMIC_RECEIVER_NOT_EXPORTED_PERMISSION" />
25-->[androidx.core:core:1.16.0] AndroidManifest.xml:26:5-97
25-->[androidx.core:core:1.16.0] AndroidManifest.xml:26:22-94
26
27    <application
27-->src\main\AndroidManifest.xml:15:5-51:19
28        android:allowBackup="true"
28-->src\main\AndroidManifest.xml:17:9-35
29        android:appComponentFactory="androidx.core.app.CoreComponentFactory"
29-->[androidx.core:core:1.16.0] AndroidManifest.xml:28:18-86
30        android:debuggable="true"
31        android:extractNativeLibs="false"
32        android:label="Test GLU"
32-->src\main\AndroidManifest.xml:18:9-33
33        android:testOnly="true"
34        android:theme="@style/Theme.AppCompat.Light.DarkActionBar"
34-->src\main\AndroidManifest.xml:19:9-67
35        android:usesCleartextTraffic="true" > <!-- ← ГЛАВНОЕ: ДОБАВЬТЕ ЭТУ СТРОКУ -->
35-->src\main\AndroidManifest.xml:16:9-44
36        <activity
36-->src\main\AndroidManifest.xml:20:9-22:40
37            android:name="com.test.activity.MainActivity"
37-->src\main\AndroidManifest.xml:21:13-58
38            android:exported="false" />
38-->src\main\AndroidManifest.xml:22:13-37
39        <activity
39-->src\main\AndroidManifest.xml:23:9-25:40
40            android:name="com.test.activity.ProfileActivity"
40-->src\main\AndroidManifest.xml:24:13-61
41            android:exported="false" />
41-->src\main\AndroidManifest.xml:25:13-37
42        <activity
42-->src\main\AndroidManifest.xml:26:9-33:20
43            android:name="com.test.activity.AuthActivity"
43-->src\main\AndroidManifest.xml:27:13-58
44            android:exported="true" >
44-->src\main\AndroidManifest.xml:28:13-36
45            <intent-filter>
45-->src\main\AndroidManifest.xml:29:13-32:29
46                <action android:name="android.intent.action.MAIN" />
46-->src\main\AndroidManifest.xml:30:17-69
46-->src\main\AndroidManifest.xml:30:25-66
47
48                <category android:name="android.intent.category.LAUNCHER" />
48-->src\main\AndroidManifest.xml:31:17-77
48-->src\main\AndroidManifest.xml:31:27-74
49            </intent-filter>
50        </activity>
51        <activity
51-->src\main\AndroidManifest.xml:34:9-36:40
52            android:name="com.test.activity.GraphActivity"
52-->src\main\AndroidManifest.xml:35:13-59
53            android:exported="false" />
53-->src\main\AndroidManifest.xml:36:13-37
54
55        <service
55-->src\main\AndroidManifest.xml:38:9-42:40
56            android:name="com.test.broadcast.BroadcastService"
56-->src\main\AndroidManifest.xml:39:13-63
57            android:enabled="true"
57-->src\main\AndroidManifest.xml:41:13-35
58            android:exported="false"
58-->src\main\AndroidManifest.xml:42:13-37
59            android:foregroundServiceType="dataSync" />
59-->src\main\AndroidManifest.xml:40:13-53
60
61        <receiver
61-->src\main\AndroidManifest.xml:44:9-50:20
62            android:name="com.test.broadcast.BroadcastReceiver"
62-->src\main\AndroidManifest.xml:45:13-64
63            android:exported="true" >
63-->src\main\AndroidManifest.xml:46:13-36
64            <intent-filter>
64-->src\main\AndroidManifest.xml:47:13-49:29
65                <action android:name="com.librelink.app.ThirdPartyIntegration.GLUCOSE_READING" />
65-->src\main\AndroidManifest.xml:48:17-98
65-->src\main\AndroidManifest.xml:48:25-95
66            </intent-filter>
67        </receiver>
68
69        <provider
69-->[androidx.emoji2:emoji2:1.2.0] AndroidManifest.xml:24:9-32:20
70            android:name="androidx.startup.InitializationProvider"
70-->[androidx.emoji2:emoji2:1.2.0] AndroidManifest.xml:25:13-67
71            android:authorities="com.test.glucn.androidx-startup"
71-->[androidx.emoji2:emoji2:1.2.0] AndroidManifest.xml:26:13-68
72            android:exported="false" >
72-->[androidx.emoji2:emoji2:1.2.0] AndroidManifest.xml:27:13-37
73            <meta-data
73-->[androidx.emoji2:emoji2:1.2.0] AndroidManifest.xml:29:13-31:52
74                android:name="androidx.emoji2.text.EmojiCompatInitializer"
74-->[androidx.emoji2:emoji2:1.2.0] AndroidManifest.xml:30:17-75
75                android:value="androidx.startup" />
75-->[androidx.emoji2:emoji2:1.2.0] AndroidManifest.xml:31:17-49
76            <meta-data
76-->[androidx.lifecycle:lifecycle-process:2.6.2] AndroidManifest.xml:29:13-31:52
77                android:name="androidx.lifecycle.ProcessLifecycleInitializer"
77-->[androidx.lifecycle:lifecycle-process:2.6.2] AndroidManifest.xml:30:17-78
78                android:value="androidx.startup" />
78-->[androidx.lifecycle:lifecycle-process:2.6.2] AndroidManifest.xml:31:17-49
79            <meta-data
79-->[androidx.profileinstaller:profileinstaller:1.4.0] AndroidManifest.xml:29:13-31:52
80                android:name="androidx.profileinstaller.ProfileInstallerInitializer"
80-->[androidx.profileinstaller:profileinstaller:1.4.0] AndroidManifest.xml:30:17-85
81                android:value="androidx.startup" />
81-->[androidx.profileinstaller:profileinstaller:1.4.0] AndroidManifest.xml:31:17-49
82        </provider>
83
84        <uses-library
84-->[androidx.window:window:1.0.0] AndroidManifest.xml:25:9-27:40
85            android:name="androidx.window.extensions"
85-->[androidx.window:window:1.0.0] AndroidManifest.xml:26:13-54
86            android:required="false" />
86-->[androidx.window:window:1.0.0] AndroidManifest.xml:27:13-37
87        <uses-library
87-->[androidx.window:window:1.0.0] AndroidManifest.xml:28:9-30:40
88            android:name="androidx.window.sidecar"
88-->[androidx.window:window:1.0.0] AndroidManifest.xml:29:13-51
89            android:required="false" />
89-->[androidx.window:window:1.0.0] AndroidManifest.xml:30:13-37
90
91        <receiver
91-->[androidx.profileinstaller:profileinstaller:1.4.0] AndroidManifest.xml:34:9-52:20
92            android:name="androidx.profileinstaller.ProfileInstallReceiver"
92-->[androidx.profileinstaller:profileinstaller:1.4.0] AndroidManifest.xml:35:13-76
93            android:directBootAware="false"
93-->[androidx.profileinstaller:profileinstaller:1.4.0] AndroidManifest.xml:36:13-44
94            android:enabled="true"
94-->[androidx.profileinstaller:profileinstaller:1.4.0] AndroidManifest.xml:37:13-35
95            android:exported="true"
95-->[androidx.profileinstaller:profileinstaller:1.4.0] AndroidManifest.xml:38:13-36
96            android:permission="android.permission.DUMP" >
96-->[androidx.profileinstaller:profileinstaller:1.4.0] AndroidManifest.xml:39:13-57
97            <intent-filter>
97-->[androidx.profileinstaller:profileinstaller:1.4.0] AndroidManifest.xml:40:13-42:29
98                <action android:name="androidx.profileinstaller.action.INSTALL_PROFILE" />
98-->[androidx.profileinstaller:profileinstaller:1.4.0] AndroidManifest.xml:41:17-91
98-->[androidx.profileinstaller:profileinstaller:1.4.0] AndroidManifest.xml:41:25-88
99            </intent-filter>
100            <intent-filter>
100-->[androidx.profileinstaller:profileinstaller:1.4.0] AndroidManifest.xml:43:13-45:29
101                <action android:name="androidx.profileinstaller.action.SKIP_FILE" />
101-->[androidx.profileinstaller:profileinstaller:1.4.0] AndroidManifest.xml:44:17-85
101-->[androidx.profileinstaller:profileinstaller:1.4.0] AndroidManifest.xml:44:25-82
102            </intent-filter>
103            <intent-filter>
103-->[androidx.profileinstaller:profileinstaller:1.4.0] AndroidManifest.xml:46:13-48:29
104                <action android:name="androidx.profileinstaller.action.SAVE_PROFILE" />
104-->[androidx.profileinstaller:profileinstaller:1.4.0] AndroidManifest.xml:47:17-88
104-->[androidx.profileinstaller:profileinstaller:1.4.0] AndroidManifest.xml:47:25-85
105            </intent-filter>
106            <intent-filter>
106-->[androidx.profileinstaller:profileinstaller:1.4.0] AndroidManifest.xml:49:13-51:29
107                <action android:name="androidx.profileinstaller.action.BENCHMARK_OPERATION" />
107-->[androidx.profileinstaller:profileinstaller:1.4.0] AndroidManifest.xml:50:17-95
107-->[androidx.profileinstaller:profileinstaller:1.4.0] AndroidManifest.xml:50:25-92
108            </intent-filter>
109        </receiver>
110    </application>
111
112</manifest>